Starting deployment for Kwalee Beach Resort...
Installing system dependencies...
[38;5;79m2026-02-21 01:54:10 - Installing pre-requisites[0m

WARNING: apt does not have a stable CLI interface. Use with caution in scripts.

Hit:1 https://download.docker.com/linux/ubuntu noble InRelease
Hit:2 https://repository.monarx.com/repository/ubuntu-noble noble InRelease
Hit:3 http://archive.ubuntu.com/ubuntu noble InRelease
Hit:4 http://security.ubuntu.com/ubuntu noble-security InRelease
Hit:5 https://deb.nodesource.com/node_20.x nodistro InRelease
Hit:6 http://archive.ubuntu.com/ubuntu noble-updates InRelease
Hit:7 http://archive.ubuntu.com/ubuntu noble-backports InRelease
Reading package lists...
Building dependency tree...
Reading state information...
26 packages can be upgraded. Run 'apt list --upgradable' to see them.

WARNING: apt does not have a stable CLI interface. Use with caution in scripts.

Reading package lists...
Building dependency tree...
Reading state information...
apt-transport-https is already the newest version (2.8.3).
ca-certificates is already the newest version (20240203).
curl is already the newest version (8.5.0-2ubuntu10.6).
gnupg is already the newest version (2.4.4-2ubuntu17.4).
0 upgraded, 0 newly installed, 0 to remove and 26 not upgraded.

WARNING: apt does not have a stable CLI interface. Use with caution in scripts.

Hit:1 https://download.docker.com/linux/ubuntu noble InRelease
Hit:2 https://deb.nodesource.com/node_20.x nodistro InRelease
Hit:3 http://security.ubuntu.com/ubuntu noble-security InRelease
Hit:4 https://repository.monarx.com/repository/ubuntu-noble noble InRelease
Hit:5 http://archive.ubuntu.com/ubuntu noble InRelease
Hit:6 http://archive.ubuntu.com/ubuntu noble-updates InRelease
Hit:7 http://archive.ubuntu.com/ubuntu noble-backports InRelease
Reading package lists...
Building dependency tree...
Reading state information...
26 packages can be upgraded. Run 'apt list --upgradable' to see them.
[1;34m2026-02-21 01:54:17 - Repository configured successfully.[0m
[38;5;79m2026-02-21 01:54:17 - To install Node.js, run: apt install nodejs -y[0m
[38;5;79m2026-02-21 01:54:17 - You can use N|solid Runtime as a node.js alternative[0m
[1;32m2026-02-21 01:54:17 - To install N|solid Runtime, run: apt install nsolid -y 
[0m
Hit:1 https://download.docker.com/linux/ubuntu noble InRelease
Hit:2 https://deb.nodesource.com/node_20.x nodistro InRelease
Hit:3 https://repository.monarx.com/repository/ubuntu-noble noble InRelease
Hit:4 http://security.ubuntu.com/ubuntu noble-security InRelease
Hit:5 http://archive.ubuntu.com/ubuntu noble InRelease
Hit:6 http://archive.ubuntu.com/ubuntu noble-updates InRelease
Hit:7 http://archive.ubuntu.com/ubuntu noble-backports InRelease
Reading package lists...
Reading package lists...
Building dependency tree...
Reading state information...
postgresql is already the newest version (16+257build1.1).
postgresql-contrib is already the newest version (16+257build1.1).
python3-venv is already the newest version (3.12.3-0ubuntu2.1).
python3-pip is already the newest version (24.0+dfsg-1ubuntu1.3).
libpq-dev is already the newest version (16.11-0ubuntu0.24.04.1).
python3-dev is already the newest version (3.12.3-0ubuntu2.1).
nodejs is already the newest version (20.20.0-1nodesource1).
nginx is already the newest version (1.24.0-2ubuntu7.6).
0 upgraded, 0 newly installed, 0 to remove and 26 not upgraded.
Setting up PostgreSQL Database...
psql: error: connection to server on socket "/var/run/postgresql/.s.PGSQL.5432" failed: No such file or directory
	Is the server running locally and accepting connections on that socket?
psql: error: connection to server on socket "/var/run/postgresql/.s.PGSQL.5432" failed: No such file or directory
	Is the server running locally and accepting connections on that socket?
psql: error: connection to server on socket "/var/run/postgresql/.s.PGSQL.5432" failed: No such file or directory
	Is the server running locally and accepting connections on that socket?
psql: error: connection to server on socket "/var/run/postgresql/.s.PGSQL.5432" failed: No such file or directory
	Is the server running locally and accepting connections on that socket?
psql: error: connection to server on socket "/var/run/postgresql/.s.PGSQL.5432" failed: No such file or directory
	Is the server running locally and accepting connections on that socket?
psql: error: connection to server on socket "/var/run/postgresql/.s.PGSQL.5432" failed: No such file or directory
	Is the server running locally and accepting connections on that socket?
psql: error: connection to server on socket "/var/run/postgresql/.s.PGSQL.5432" failed: No such file or directory
	Is the server running locally and accepting connections on that socket?
psql: error: connection to server on socket "/var/run/postgresql/.s.PGSQL.5432" failed: No such file or directory
	Is the server running locally and accepting connections on that socket?
Setting up directory...
Cloning repository...
Cloning into '/var/www/kwaleebeach'...
Setting up Django Backend...
Collecting amqp==5.3.1 (from -r requirements.txt (line 1))
  Using cached amqp-5.3.1-py3-none-any.whl.metadata (8.9 kB)
Collecting asgiref==3.10.0 (from -r requirements.txt (line 2))
  Using cached asgiref-3.10.0-py3-none-any.whl.metadata (9.3 kB)
Collecting bcrypt==5.0.0 (from -r requirements.txt (line 3))
  Using cached bcrypt-5.0.0-cp39-abi3-manylinux_2_34_x86_64.whl.metadata (10 kB)
Collecting billiard==4.2.4 (from -r requirements.txt (line 4))
  Using cached billiard-4.2.4-py3-none-any.whl.metadata (4.8 kB)
Collecting blinker==1.9.0 (from -r requirements.txt (line 5))
  Using cached blinker-1.9.0-py3-none-any.whl.metadata (1.6 kB)
Collecting celery==5.6.1 (from -r requirements.txt (line 6))
  Using cached celery-5.6.1-py3-none-any.whl.metadata (23 kB)
Collecting certifi==2025.11.12 (from -r requirements.txt (line 7))
  Using cached certifi-2025.11.12-py3-none-any.whl.metadata (2.5 kB)
Collecting cffi==2.0.0 (from -r requirements.txt (line 8))
  Using cached cffi-2.0.0-cp312-cp312-manylinux2014_x86_64.manylinux_2_17_x86_64.whl.metadata (2.6 kB)
Collecting charset-normalizer==3.4.4 (from -r requirements.txt (line 9))
  Using cached charset_normalizer-3.4.4-cp312-cp312-manylinux2014_x86_64.manylinux_2_17_x86_64.manylinux_2_28_x86_64.whl.metadata (37 kB)
Collecting click==8.2.1 (from -r requirements.txt (line 10))
  Using cached click-8.2.1-py3-none-any.whl.metadata (2.5 kB)
Collecting click-didyoumean==0.3.1 (from -r requirements.txt (line 11))
  Using cached click_didyoumean-0.3.1-py3-none-any.whl.metadata (3.9 kB)
Collecting click-plugins==1.1.1.2 (from -r requirements.txt (line 12))
  Using cached click_plugins-1.1.1.2-py2.py3-none-any.whl.metadata (6.5 kB)
Collecting click-repl==0.3.0 (from -r requirements.txt (line 13))
  Using cached click_repl-0.3.0-py3-none-any.whl.metadata (3.6 kB)
Collecting colorama==0.4.6 (from -r requirements.txt (line 14))
  Using cached colorama-0.4.6-py2.py3-none-any.whl.metadata (17 kB)
Collecting crispy-bootstrap5==2025.6 (from -r requirements.txt (line 15))
  Using cached crispy_bootstrap5-2025.6-py3-none-any.whl.metadata (4.1 kB)
Collecting cryptography==46.0.3 (from -r requirements.txt (line 16))
  Using cached cryptography-46.0.3-cp311-abi3-manylinux_2_34_x86_64.whl.metadata (5.7 kB)
Collecting distlib==0.3.9 (from -r requirements.txt (line 17))
  Using cached distlib-0.3.9-py2.py3-none-any.whl.metadata (5.2 kB)
Collecting dj-database-url==2.1.0 (from -r requirements.txt (line 18))
  Using cached dj_database_url-2.1.0-py3-none-any.whl.metadata (11 kB)
Collecting Django==4.2 (from -r requirements.txt (line 19))
  Using cached Django-4.2-py3-none-any.whl.metadata (4.1 kB)
Collecting django-cors-headers==4.3.1 (from -r requirements.txt (line 20))
  Using cached django_cors_headers-4.3.1-py3-none-any.whl.metadata (16 kB)
Collecting django-crispy-forms==2.4 (from -r requirements.txt (line 21))
  Using cached django_crispy_forms-2.4-py3-none-any.whl.metadata (5.2 kB)
Collecting django-environ==0.11.2 (from -r requirements.txt (line 22))
  Using cached django_environ-0.11.2-py2.py3-none-any.whl.metadata (11 kB)
Collecting django-filter==23.5 (from -r requirements.txt (line 23))
  Using cached django_filter-23.5-py3-none-any.whl.metadata (5.2 kB)
Collecting django-ratelimit==4.1.0 (from -r requirements.txt (line 24))
  Using cached django_ratelimit-4.1.0-py2.py3-none-any.whl.metadata (2.3 kB)
Collecting djangorestframework==3.14.0 (from -r requirements.txt (line 25))
  Using cached djangorestframework-3.14.0-py3-none-any.whl.metadata (10 kB)
Collecting djangorestframework-simplejwt==5.3.1 (from -r requirements.txt (line 26))
  Using cached djangorestframework_simplejwt-5.3.1-py3-none-any.whl.metadata (4.3 kB)
Collecting et_xmlfile==2.0.0 (from -r requirements.txt (line 27))
  Using cached et_xmlfile-2.0.0-py3-none-any.whl.metadata (2.7 kB)
Collecting filelock==3.18.0 (from -r requirements.txt (line 28))
  Using cached filelock-3.18.0-py3-none-any.whl.metadata (2.9 kB)
Collecting Flask==3.1.1 (from -r requirements.txt (line 29))
  Using cached flask-3.1.1-py3-none-any.whl.metadata (3.0 kB)
Collecting gunicorn==21.2.0 (from -r requirements.txt (line 30))
  Using cached gunicorn-21.2.0-py3-none-any.whl.metadata (4.1 kB)
Collecting idna==3.11 (from -r requirements.txt (line 31))
  Using cached idna-3.11-py3-none-any.whl.metadata (8.4 kB)
Collecting invoke==2.2.1 (from -r requirements.txt (line 32))
  Using cached invoke-2.2.1-py3-none-any.whl.metadata (3.3 kB)
Collecting iso8601==2.1.0 (from -r requirements.txt (line 33))
  Using cached iso8601-2.1.0-py3-none-any.whl.metadata (3.7 kB)
Collecting itsdangerous==2.2.0 (from -r requirements.txt (line 34))
  Using cached itsdangerous-2.2.0-py3-none-any.whl.metadata (1.9 kB)
Collecting Jinja2==3.1.6 (from -r requirements.txt (line 35))
  Using cached jinja2-3.1.6-py3-none-any.whl.metadata (2.9 kB)
Collecting kombu==5.6.2 (from -r requirements.txt (line 36))
  Using cached kombu-5.6.2-py3-none-any.whl.metadata (3.5 kB)
Collecting Markdown==3.10 (from -r requirements.txt (line 37))
  Using cached markdown-3.10-py3-none-any.whl.metadata (5.1 kB)
Collecting MarkupSafe==3.0.2 (from -r requirements.txt (line 38))
  Using cached MarkupSafe-3.0.2-cp312-cp312-manylinux_2_17_x86_64.manylinux2014_x86_64.whl.metadata (4.0 kB)
Collecting openpyxl==3.1.5 (from -r requirements.txt (line 39))
  Using cached openpyxl-3.1.5-py2.py3-none-any.whl.metadata (2.5 kB)
Collecting packaging==25.0 (from -r requirements.txt (line 40))
  Using cached packaging-25.0-py3-none-any.whl.metadata (3.3 kB)
Collecting paramiko==4.0.0 (from -r requirements.txt (line 41))
  Using cached paramiko-4.0.0-py3-none-any.whl.metadata (3.9 kB)
Collecting pillow==12.0.0 (from -r requirements.txt (line 42))
  Using cached pillow-12.0.0-cp312-cp312-manylinux_2_27_x86_64.manylinux_2_28_x86_64.whl.metadata (8.8 kB)
Collecting platformdirs==4.3.8 (from -r requirements.txt (line 43))
  Using cached platformdirs-4.3.8-py3-none-any.whl.metadata (12 kB)
Collecting prompt_toolkit==3.0.52 (from -r requirements.txt (line 44))
  Using cached prompt_toolkit-3.0.52-py3-none-any.whl.metadata (6.4 kB)
Collecting psycopg2==2.9.10 (from -r requirements.txt (line 45))
  Using cached psycopg2-2.9.10-cp312-cp312-linux_x86_64.whl
Collecting psycopg2-binary==2.9.11 (from -r requirements.txt (line 46))
  Using cached psycopg2_binary-2.9.11-cp312-cp312-manylinux2014_x86_64.manylinux_2_17_x86_64.whl.metadata (4.9 kB)
Collecting pycparser==2.23 (from -r requirements.txt (line 47))
  Using cached pycparser-2.23-py3-none-any.whl.metadata (993 bytes)
Collecting PyJWT==2.9.0 (from -r requirements.txt (line 48))
  Using cached PyJWT-2.9.0-py3-none-any.whl.metadata (3.0 kB)
Collecting PyNaCl==1.6.1 (from -r requirements.txt (line 49))
  Using cached pynacl-1.6.1-cp38-abi3-manylinux_2_34_x86_64.whl.metadata (9.8 kB)
Collecting python-dateutil==2.9.0.post0 (from -r requirements.txt (line 50))
  Using cached python_dateutil-2.9.0.post0-py2.py3-none-any.whl.metadata (8.4 kB)
Collecting python-decouple==3.8 (from -r requirements.txt (line 51))
  Using cached python_decouple-3.8-py3-none-any.whl.metadata (14 kB)
Collecting python-dotenv==1.2.1 (from -r requirements.txt (line 52))
  Using cached python_dotenv-1.2.1-py3-none-any.whl.metadata (25 kB)
Collecting pytz==2025.2 (from -r requirements.txt (line 53))
  Using cached pytz-2025.2-py2.py3-none-any.whl.metadata (22 kB)
Collecting qrcode==8.2 (from -r requirements.txt (line 54))
  Using cached qrcode-8.2-py3-none-any.whl.metadata (17 kB)
Collecting redis==7.1.0 (from -r requirements.txt (line 55))
  Using cached redis-7.1.0-py3-none-any.whl.metadata (12 kB)
Collecting reportlab==4.4.7 (from -r requirements.txt (line 56))
  Using cached reportlab-4.4.7-py3-none-any.whl.metadata (1.7 kB)
Collecting requests==2.32.5 (from -r requirements.txt (line 57))
  Using cached requests-2.32.5-py3-none-any.whl.metadata (4.9 kB)
Collecting six==1.17.0 (from -r requirements.txt (line 58))
  Using cached six-1.17.0-py2.py3-none-any.whl.metadata (1.7 kB)
Collecting sqlparse==0.5.3 (from -r requirements.txt (line 59))
  Using cached sqlparse-0.5.3-py3-none-any.whl.metadata (3.9 kB)
Collecting stripe==14.2.0 (from -r requirements.txt (line 60))
  Using cached stripe-14.2.0-py3-none-any.whl.metadata (18 kB)
Collecting typing_extensions==4.15.0 (from -r requirements.txt (line 61))
  Using cached typing_extensions-4.15.0-py3-none-any.whl.metadata (3.3 kB)
Collecting tzdata==2025.2 (from -r requirements.txt (line 62))
  Using cached tzdata-2025.2-py2.py3-none-any.whl.metadata (1.4 kB)
Collecting tzlocal==5.3.1 (from -r requirements.txt (line 63))
  Using cached tzlocal-5.3.1-py3-none-any.whl.metadata (7.6 kB)
Collecting urllib3==2.6.2 (from -r requirements.txt (line 64))
  Using cached urllib3-2.6.2-py3-none-any.whl.metadata (6.6 kB)
Collecting vine==5.1.0 (from -r requirements.txt (line 65))
  Using cached vine-5.1.0-py3-none-any.whl.metadata (2.7 kB)
Collecting virtualenv==20.31.2 (from -r requirements.txt (line 66))
  Using cached virtualenv-20.31.2-py3-none-any.whl.metadata (4.5 kB)
Collecting virtualenvwrapper-win==1.2.7 (from -r requirements.txt (line 67))
  Using cached virtualenvwrapper_win-1.2.7-py3-none-any.whl.metadata (10 kB)
Collecting wcwidth==0.2.14 (from -r requirements.txt (line 68))
  Using cached wcwidth-0.2.14-py2.py3-none-any.whl.metadata (15 kB)
Collecting Werkzeug==3.1.3 (from -r requirements.txt (line 69))
  Using cached werkzeug-3.1.3-py3-none-any.whl.metadata (3.7 kB)
Collecting whitenoise==6.6.0 (from -r requirements.txt (line 70))
  Using cached whitenoise-6.6.0-py3-none-any.whl.metadata (3.7 kB)
Collecting yt-dlp==2025.11.12 (from -r requirements.txt (line 71))
  Using cached yt_dlp-2025.11.12-py3-none-any.whl.metadata (180 kB)
Using cached amqp-5.3.1-py3-none-any.whl (50 kB)
Using cached asgiref-3.10.0-py3-none-any.whl (24 kB)
Using cached bcrypt-5.0.0-cp39-abi3-manylinux_2_34_x86_64.whl (278 kB)
Using cached billiard-4.2.4-py3-none-any.whl (87 kB)
Using cached blinker-1.9.0-py3-none-any.whl (8.5 kB)
Using cached celery-5.6.1-py3-none-any.whl (445 kB)
Using cached certifi-2025.11.12-py3-none-any.whl (159 kB)
Using cached cffi-2.0.0-cp312-cp312-manylinux2014_x86_64.manylinux_2_17_x86_64.whl (219 kB)
Using cached charset_normalizer-3.4.4-cp312-cp312-manylinux2014_x86_64.manylinux_2_17_x86_64.manylinux_2_28_x86_64.whl (153 kB)
Using cached click-8.2.1-py3-none-any.whl (102 kB)
Using cached click_didyoumean-0.3.1-py3-none-any.whl (3.6 kB)
Using cached click_plugins-1.1.1.2-py2.py3-none-any.whl (11 kB)
Using cached click_repl-0.3.0-py3-none-any.whl (10 kB)
Using cached colorama-0.4.6-py2.py3-none-any.whl (25 kB)
Using cached crispy_bootstrap5-2025.6-py3-none-any.whl (24 kB)
Using cached cryptography-46.0.3-cp311-abi3-manylinux_2_34_x86_64.whl (4.5 MB)
Using cached distlib-0.3.9-py2.py3-none-any.whl (468 kB)
Using cached dj_database_url-2.1.0-py3-none-any.whl (7.7 kB)
Using cached Django-4.2-py3-none-any.whl (8.0 MB)
Using cached django_cors_headers-4.3.1-py3-none-any.whl (12 kB)
Using cached django_crispy_forms-2.4-py3-none-any.whl (31 kB)
Using cached django_environ-0.11.2-py2.py3-none-any.whl (19 kB)
Using cached django_filter-23.5-py3-none-any.whl (94 kB)
Using cached django_ratelimit-4.1.0-py2.py3-none-any.whl (11 kB)
Using cached djangorestframework-3.14.0-py3-none-any.whl (1.1 MB)
Using cached djangorestframework_simplejwt-5.3.1-py3-none-any.whl (101 kB)
Using cached et_xmlfile-2.0.0-py3-none-any.whl (18 kB)
Using cached filelock-3.18.0-py3-none-any.whl (16 kB)
Using cached flask-3.1.1-py3-none-any.whl (103 kB)
Using cached gunicorn-21.2.0-py3-none-any.whl (80 kB)
Using cached idna-3.11-py3-none-any.whl (71 kB)
Using cached invoke-2.2.1-py3-none-any.whl (160 kB)
Using cached iso8601-2.1.0-py3-none-any.whl (7.5 kB)
Using cached itsdangerous-2.2.0-py3-none-any.whl (16 kB)
Using cached jinja2-3.1.6-py3-none-any.whl (134 kB)
Using cached kombu-5.6.2-py3-none-any.whl (214 kB)
Using cached markdown-3.10-py3-none-any.whl (107 kB)
Using cached MarkupSafe-3.0.2-cp312-cp312-manylinux_2_17_x86_64.manylinux2014_x86_64.whl (23 kB)
Using cached openpyxl-3.1.5-py2.py3-none-any.whl (250 kB)
Using cached packaging-25.0-py3-none-any.whl (66 kB)
Using cached paramiko-4.0.0-py3-none-any.whl (223 kB)
Using cached pillow-12.0.0-cp312-cp312-manylinux_2_27_x86_64.manylinux_2_28_x86_64.whl (7.0 MB)
Using cached platformdirs-4.3.8-py3-none-any.whl (18 kB)
Using cached prompt_toolkit-3.0.52-py3-none-any.whl (391 kB)
Using cached psycopg2_binary-2.9.11-cp312-cp312-manylinux2014_x86_64.manylinux_2_17_x86_64.whl (4.2 MB)
Using cached pycparser-2.23-py3-none-any.whl (118 kB)
Using cached PyJWT-2.9.0-py3-none-any.whl (22 kB)
Using cached pynacl-1.6.1-cp38-abi3-manylinux_2_34_x86_64.whl (1.4 MB)
Using cached python_dateutil-2.9.0.post0-py2.py3-none-any.whl (229 kB)
Using cached python_decouple-3.8-py3-none-any.whl (9.9 kB)
Using cached python_dotenv-1.2.1-py3-none-any.whl (21 kB)
Using cached pytz-2025.2-py2.py3-none-any.whl (509 kB)
Using cached qrcode-8.2-py3-none-any.whl (45 kB)
Using cached redis-7.1.0-py3-none-any.whl (354 kB)
Using cached reportlab-4.4.7-py3-none-any.whl (2.0 MB)
Using cached requests-2.32.5-py3-none-any.whl (64 kB)
Using cached six-1.17.0-py2.py3-none-any.whl (11 kB)
Using cached sqlparse-0.5.3-py3-none-any.whl (44 kB)
Using cached stripe-14.2.0-py3-none-any.whl (2.1 MB)
Using cached typing_extensions-4.15.0-py3-none-any.whl (44 kB)
Using cached tzdata-2025.2-py2.py3-none-any.whl (347 kB)
Using cached tzlocal-5.3.1-py3-none-any.whl (18 kB)
Using cached urllib3-2.6.2-py3-none-any.whl (131 kB)
Using cached vine-5.1.0-py3-none-any.whl (9.6 kB)
Using cached virtualenv-20.31.2-py3-none-any.whl (6.1 MB)
Using cached virtualenvwrapper_win-1.2.7-py3-none-any.whl (18 kB)
Using cached wcwidth-0.2.14-py2.py3-none-any.whl (37 kB)
Using cached werkzeug-3.1.3-py3-none-any.whl (224 kB)
Using cached whitenoise-6.6.0-py3-none-any.whl (19 kB)
Using cached yt_dlp-2025.11.12-py3-none-any.whl (3.3 MB)
Installing collected packages: pytz, python-decouple, distlib, yt-dlp, whitenoise, wcwidth, vine, urllib3, tzlocal, tzdata, typing_extensions, sqlparse, six, redis, qrcode, python-dotenv, PyJWT, pycparser, psycopg2-binary, psycopg2, platformdirs, pillow, packaging, MarkupSafe, Markdown, itsdangerous, iso8601, invoke, idna, filelock, et_xmlfile, django-ratelimit, django-environ, colorama, click, charset-normalizer, certifi, blinker, billiard, bcrypt, asgiref, Werkzeug, virtualenv, requests, reportlab, python-dateutil, prompt_toolkit, openpyxl, Jinja2, gunicorn, Django, click-plugins, click-didyoumean, cffi, amqp, virtualenvwrapper-win, stripe, PyNaCl, kombu, Flask, djangorestframework, django-filter, django-crispy-forms, django-cors-headers, dj-database-url, cryptography, click-repl, paramiko, djangorestframework-simplejwt, crispy-bootstrap5, celery
Successfully installed Django-4.2 Flask-3.1.1 Jinja2-3.1.6 Markdown-3.10 MarkupSafe-3.0.2 PyJWT-2.9.0 PyNaCl-1.6.1 Werkzeug-3.1.3 amqp-5.3.1 asgiref-3.10.0 bcrypt-5.0.0 billiard-4.2.4 blinker-1.9.0 celery-5.6.1 certifi-2025.11.12 cffi-2.0.0 charset-normalizer-3.4.4 click-8.2.1 click-didyoumean-0.3.1 click-plugins-1.1.1.2 click-repl-0.3.0 colorama-0.4.6 crispy-bootstrap5-2025.6 cryptography-46.0.3 distlib-0.3.9 dj-database-url-2.1.0 django-cors-headers-4.3.1 django-crispy-forms-2.4 django-environ-0.11.2 django-filter-23.5 django-ratelimit-4.1.0 djangorestframework-3.14.0 djangorestframework-simplejwt-5.3.1 et_xmlfile-2.0.0 filelock-3.18.0 gunicorn-21.2.0 idna-3.11 invoke-2.2.1 iso8601-2.1.0 itsdangerous-2.2.0 kombu-5.6.2 openpyxl-3.1.5 packaging-25.0 paramiko-4.0.0 pillow-12.0.0 platformdirs-4.3.8 prompt_toolkit-3.0.52 psycopg2-2.9.10 psycopg2-binary-2.9.11 pycparser-2.23 python-dateutil-2.9.0.post0 python-decouple-3.8 python-dotenv-1.2.1 pytz-2025.2 qrcode-8.2 redis-7.1.0 reportlab-4.4.7 requests-2.32.5 six-1.17.0 sqlparse-0.5.3 stripe-14.2.0 typing_extensions-4.15.0 tzdata-2025.2 tzlocal-5.3.1 urllib3-2.6.2 vine-5.1.0 virtualenv-20.31.2 virtualenvwrapper-win-1.2.7 wcwidth-0.2.14 whitenoise-6.6.0 yt-dlp-2025.11.12
Requirement already satisfied: gunicorn in ./venv/lib/python3.12/site-packages (21.2.0)
Requirement already satisfied: psycopg2-binary in ./venv/lib/python3.12/site-packages (2.9.11)
Requirement already satisfied: packaging in ./venv/lib/python3.12/site-packages (from gunicorn) (25.0)
listen_addresses = 'localhost, 127.0.0.1'
listen_addresses = 'localhost, 127.0.0.1'
No changes detected
Operations to perform:
  Apply all migrations: admin, auth, contenttypes, core, finance, inventory, pms, recreation, sessions, website
Running migrations:
  No migrations to apply.

160 static files copied to '/var/www/kwaleebeach/backend/staticfiles'.
Creating Gunicorn Systemd Service...
Setting up Next.js Frontend...

added 403 packages, and audited 404 packages in 24s

147 packages are looking for funding
  run `npm fund` for details

15 vulnerabilities (1 moderate, 14 high)

To address issues that do not require attention, run:
  npm audit fix

To address all issues (including breaking changes), run:
  npm audit fix --force

Run `npm audit` for details.

> frontend@0.1.0 build
> next build

â–² Next.js 16.1.6 (Turbopack)

  Creating an optimized production build ...
âœ“ Compiled successfully in 21.2s
  Running TypeScript ...
  Collecting page data using 1 worker ...
  Generating static pages using 1 worker (0/42) ...
  Generating static pages using 1 worker (10/42) 
The width(-1) and height(-1) of chart should be greater than 0,
       please check the style of container, or the props width(100%) and height(100%),
       or add a minWidth(0) or minHeight(undefined) or use aspect(undefined) to control the
       height and width.
The width(-1) and height(-1) of chart should be greater than 0,
       please check the style of container, or the props width(100%) and height(100%),
       or add a minWidth(0) or minHeight(undefined) or use aspect(undefined) to control the
       height and width.
  Generating static pages using 1 worker (20/42) 
  Generating static pages using 1 worker (31/42) 
âœ“ Generating static pages using 1 worker (42/42) in 1169.8ms
  Finalizing page optimization ...

Route (app)
â”Œ â—‹ /
â”œ â—‹ /_not-found
â”œ â—‹ /activities
â”œ â—‹ /booking/confirm
â”œ â—‹ /booking/details
â”œ â—‹ /csr
â”œ â—‹ /dining
â”œ Æ’ /dining/[slug]
â”œ â—‹ /dining/checkout
â”œ â—‹ /events
â”œ â—‹ /login
â”œ â—‹ /rooms
â”œ â—‹ /staff/analytics
â”œ â—‹ /staff/bar
â”œ â—‹ /staff/bar/sell
â”œ â—‹ /staff/beach
â”œ â—‹ /staff/beach/sell
â”œ â—‹ /staff/cashier
â”œ Æ’ /staff/cashier/payment/[id]
â”œ Æ’ /staff/cashier/return/[type]/[id]
â”œ â—‹ /staff/cms
â”œ â—‹ /staff/dashboard
â”œ â—‹ /staff/events
â”œ Æ’ /staff/events/edit/[id]
â”œ â—‹ /staff/events/new
â”œ â—‹ /staff/finance
â”œ â—‹ /staff/inventory
â”œ â—‹ /staff/inventory/add
â”œ Æ’ /staff/inventory/edit/[id]
â”œ â—‹ /staff/inventory/transfer
â”œ â—‹ /staff/kitchen
â”œ â—‹ /staff/menu
â”œ Æ’ /staff/menu/[id]/edit
â”œ â—‹ /staff/menu/new
â”œ â—‹ /staff/payroll
â”œ â—‹ /staff/payroll/new
â”œ â—‹ /staff/pms/booking/new
â”œ â—‹ /staff/pool
â”œ â—‹ /staff/pool/sell
â”œ â—‹ /staff/reports
â”œ â—‹ /staff/returns
â”œ â—‹ /staff/rooms
â”œ â—‹ /staff/rooms/add
â”œ Æ’ /staff/rooms/edit/[id]
â”œ â—‹ /staff/settings
â”œ â—‹ /staff/users
â”œ â—‹ /staff/users/add
â”œ Æ’ /staff/users/edit/[id]
â”œ â—‹ /staff/waiter
â”” Æ’ /staff/waiter/return/[id]


â—‹  (Static)   prerendered as static content
Æ’  (Dynamic)  server-rendered on demand

Creating Next.js Systemd Service...
Created symlink /etc/systemd/system/multi-user.target.wants/nextjs-kwalee.service â†’ /etc/systemd/system/nextjs-kwalee.service.
Configuring Nginx...
nginx: the configuration file /etc/nginx/nginx.conf syntax is ok
nginx: configuration file /etc/nginx/nginx.conf test is successful
Deployment Script Completed!
